Arguments: 
  /usr/bin/node /usr/bin/yarn add @solana/web3.js

PATH: 
  /home/radeonares/.cache/activestate/bin:/home/radeonares/.komodoide/12.0/XRE/state/bin:/home/radeonares/.cargo/bin:/usr/local/sbin:/usr/local/bin:/usr/bin:/usr/lib/jvm/default/bin:/usr/bin/site_perl:/usr/bin/vendor_perl:/usr/bin/core_perl:/var/lib/snapd/snap/bin:/home/radeonares/.config/bspwm/scripts

Yarn version: 
  1.22.19

Node version: 
  16.19.1

Platform: 
  linux x64

Trace: 
  SyntaxError: /home/radeonares/Project/Rust/solana-test/hello-solana/package.json: Unexpected end of JSON input
      at JSON.parse (<anonymous>)
      at /usr/lib/node_modules/yarn/lib/cli.js:1629:59
      at Generator.next (<anonymous>)
      at step (/usr/lib/node_modules/yarn/lib/cli.js:310:30)
      at /usr/lib/node_modules/yarn/lib/cli.js:321:13

npm manifest: 
  

yarn manifest: 
  No manifest

Lockfile: 
  No lockfile
